<?xml version="1.0" encoding="UTF-8"?>
<!-- Generated by org.testng.reporters.JUnitXMLReporter -->
<testsuite hostname="SHREE-LAPTOP" ignored="0" name="onlineshopping_LoginTest" tests="2" failures="0" timestamp="2020-03-31T00:08:04 IST" time="267.967" errors="0">
  <testcase name="login" time="71.557" classname="com.onlineshopping.testcases.Onlineshopping_LoginTest"/>
  <testcase name="WomensCatergory" time="90.355" classname="com.onlineshopping.testcases.Onlineshopping_WomensPageTest"/>
</testsuite> <!-- onlineshopping_LoginTest -->
