<?xml version="1.0" encoding="UTF-8"?>
<!-- Generated by org.testng.reporters.JUnitXMLReporter -->
<testsuite hostname="SHREE-LAPTOP" ignored="0" name="onlineshopping_LoginTest" tests="2" failures="0" timestamp="23 Apr 2020 06:07:55 GMT" time="247.877" errors="0">
  <testcase name="login" time="89.525" classname="com.onlineshopping.testcases.Onlineshopping_LoginTest"/>
  <testcase name="WomensCatergory" time="99.174" classname="com.onlineshopping.testcases.Onlineshopping_WomensPageTest"/>
</testsuite> <!-- onlineshopping_LoginTest -->
