<?xml version="1.0" encoding="UTF-8"?>
<testng-results skipped="0" failed="0" ignored="0" total="2" passed="2">
  <reporter-output>
  </reporter-output>
  <suite name="onlineshopping" duration-ms="247877" started-at="2020-04-23T06:03:47Z" finished-at="2020-04-23T06:07:55Z">
    <groups>
    </groups>
    <test name="onlineshopping_LoginTest" duration-ms="247877" started-at="2020-04-23T06:03:47Z" finished-at="2020-04-23T06:07:55Z">
      <class name="com.onlineshopping.testcases.Onlineshopping_WomensPageTest">
        <test-method status="PASS" signature="setup()[pri:0, instance:com.onlineshopping.testcases.Onlineshopping_WomensPageTest@30c7da1e]" name="setup" is-config="true" duration-ms="13253" started-at="2020-04-23T06:05:56Z" finished-at="2020-04-23T06:06:09Z">
          <reporter-output>
          </reporter-output>
        </test-method> <!-- setup -->
        <test-method status="PASS" signature="WomensCatergory()[pri:0, instance:com.onlineshopping.testcases.Onlineshopping_WomensPageTest@30c7da1e]" name="WomensCatergory" duration-ms="99174" started-at="2020-04-23T06:06:09Z" finished-at="2020-04-23T06:07:48Z">
          <reporter-output>
          </reporter-output>
        </test-method> <!-- WomensCatergory -->
        <test-method status="PASS" signature="teardown()[pri:0, instance:com.onlineshopping.testcases.Onlineshopping_WomensPageTest@30c7da1e]" name="teardown" is-config="true" duration-ms="6644" started-at="2020-04-23T06:07:48Z" finished-at="2020-04-23T06:07:55Z">
          <reporter-output>
          </reporter-output>
        </test-method> <!-- teardown -->
      </class> <!-- com.onlineshopping.testcases.Onlineshopping_WomensPageTest -->
      <class name="com.onlineshopping.testcases.Onlineshopping_LoginTest">
        <test-method status="PASS" signature="setup()[pri:0, instance:com.onlineshopping.testcases.Onlineshopping_LoginTest@340f438e]" name="setup" is-config="true" duration-ms="29246" started-at="2020-04-23T06:03:47Z" finished-at="2020-04-23T06:04:17Z">
          <reporter-output>
          </reporter-output>
        </test-method> <!-- setup -->
        <test-method status="PASS" signature="login()[pri:0, instance:com.onlineshopping.testcases.Onlineshopping_LoginTest@340f438e]" name="login" duration-ms="89525" started-at="2020-04-23T06:04:17Z" finished-at="2020-04-23T06:05:47Z">
          <reporter-output>
          </reporter-output>
        </test-method> <!-- login -->
        <test-method status="PASS" signature="teardown()[pri:0, instance:com.onlineshopping.testcases.Onlineshopping_LoginTest@340f438e]" name="teardown" is-config="true" duration-ms="9223" started-at="2020-04-23T06:05:47Z" finished-at="2020-04-23T06:05:56Z">
          <reporter-output>
          </reporter-output>
        </test-method> <!-- teardown -->
      </class> <!-- com.onlineshopping.testcases.Onlineshopping_LoginTest -->
    </test> <!-- onlineshopping_LoginTest -->
  </suite> <!-- onlineshopping -->
</testng-results>
