<?xml version="1.0" encoding="UTF-8"?>
<testng-results skipped="0" failed="0" ignored="0" total="1" passed="1">
  <reporter-output>
  </reporter-output>
  <suite name="Default suite" duration-ms="115972" started-at="2020-04-08T21:37:43 IST" finished-at="2020-04-08T21:39:39 IST">
    <groups>
    </groups>
    <test name="Default test" duration-ms="115972" started-at="2020-04-08T21:37:43 IST" finished-at="2020-04-08T21:39:39 IST">
      <class name="com.onlineshopping.testcases.Onlineshopping_WomensPageTest">
        <test-method status="PASS" signature="setup()[pri:0, instance:com.onlineshopping.testcases.Onlineshopping_WomensPageTest@2a17b7b6]" name="setup" is-config="true" duration-ms="17467" started-at="2020-04-08T21:37:43 IST" finished-at="2020-04-08T21:38:01 IST">
          <reporter-output>
          </reporter-output>
        </test-method> <!-- setup -->
        <test-method status="PASS" signature="WomensCatergory()[pri:0, instance:com.onlineshopping.testcases.Onlineshopping_WomensPageTest@2a17b7b6]" name="WomensCatergory" duration-ms="78112" started-at="2020-04-08T21:38:01 IST" finished-at="2020-04-08T21:39:19 IST">
          <reporter-output>
          </reporter-output>
        </test-method> <!-- WomensCatergory -->
        <test-method status="PASS" signature="teardown()[pri:0, instance:com.onlineshopping.testcases.Onlineshopping_WomensPageTest@2a17b7b6]" name="teardown" is-config="true" duration-ms="20201" started-at="2020-04-08T21:39:19 IST" finished-at="2020-04-08T21:39:39 IST">
          <reporter-output>
          </reporter-output>
        </test-method> <!-- teardown -->
      </class> <!-- com.onlineshopping.testcases.Onlineshopping_WomensPageTest -->
    </test> <!-- Default test -->
  </suite> <!-- Default suite -->
</testng-results>
